C:\USERS\ADMINISTRATOR\DESKTOP\FACERECOG_API\BIN\FACEMNGR.BSC
C:\USERS\ADMINISTRATOR\DESKTOP\FACERECOG_API\FACEMNGR\RELEASE\FACEMNGR.SBR
C:\USERS\ADMINISTRATOR\DESKTOP\FACERECOG_API\FACEMNGR\RELEASE\FACEMNGR_LOAD.SBR
C:\USERS\ADMINISTRATOR\DESKTOP\FACERECOG_API\FACEMNGR\RELEASE\PICKEYEDLG.SBR
C:\USERS\ADMINISTRATOR\DESKTOP\FACERECOG_API\FACEMNGR\RELEASE\PICKEYEDLG.OBJ
C:\USERS\ADMINISTRATOR\DESKTOP\FACERECOG_API\FACEMNGR\RELEASE\FACEMNGR_LOAD.OBJ
C:\USERS\ADMINISTRATOR\DESKTOP\FACERECOG_API\FACEMNGR\RELEASE\FACEMNGR.OBJ
C:\USERS\ADMINISTRATOR\DESKTOP\FACERECOG_API\FACEMNGR\RELEASE\VC110.PDB
C:\Users\Administrator\Desktop\FaceRecog_API\bin\FaceMngr.lib
C:\Users\Administrator\Desktop\FaceRecog_API\bin\FaceMngr.exp
C:\USERS\ADMINISTRATOR\DESKTOP\FACERECOG_API\BIN\FACEMNGR.DLL
C:\USERS\ADMINISTRATOR\DESKTOP\FACERECOG_API\BIN\FACEMNGR.PDB
C:\Users\Administrator\Desktop\FaceRecog_API\FaceMngr\Release\FaceMngr.obj
C:\Users\Administrator\Desktop\FaceRecog_API\FaceMngr\Release\FaceMngr_load.obj
C:\Users\Administrator\Desktop\FaceRecog_API\FaceMngr\Release\PickEyeDlg.obj
C:\Users\Administrator\Desktop\FaceRecog_API\FaceMngr\Release\BscMake.command.1.tlog
C:\Users\Administrator\Desktop\FaceRecog_API\FaceMngr\Release\bscmake.read.1.tlog
C:\Users\Administrator\Desktop\FaceRecog_API\FaceMngr\Release\BscMake.write.1.tlog
C:\Users\Administrator\Desktop\FaceRecog_API\FaceMngr\Release\cl.command.1.tlog
C:\Users\Administrator\Desktop\FaceRecog_API\FaceMngr\Release\CL.read.1.tlog
C:\Users\Administrator\Desktop\FaceRecog_API\FaceMngr\Release\CL.write.1.tlog
C:\Users\Administrator\Desktop\FaceRecog_API\FaceMngr\Release\FaceMngr.write.1.tlog
C:\Users\Administrator\Desktop\FaceRecog_API\FaceMngr\Release\link-cvtres.read.1.tlog
C:\Users\Administrator\Desktop\FaceRecog_API\FaceMngr\Release\link-cvtres.write.1.tlog
C:\Users\Administrator\Desktop\FaceRecog_API\FaceMngr\Release\link-rc.read.1.tlog
C:\Users\Administrator\Desktop\FaceRecog_API\FaceMngr\Release\link-rc.write.1.tlog
C:\Users\Administrator\Desktop\FaceRecog_API\FaceMngr\Release\link.command.1.tlog
C:\Users\Administrator\Desktop\FaceRecog_API\FaceMngr\Release\link.read.1.tlog
C:\Users\Administrator\Desktop\FaceRecog_API\FaceMngr\Release\link.write.1.tlog
C:\Users\Administrator\Desktop\FaceRecog_API\FaceMngr\Release\vc110.pdb
C:\Users\Administrator\Desktop\FaceRecog_API\FaceMngr\Release\FaceMngr.sbr
C:\Users\Administrator\Desktop\FaceRecog_API\FaceMngr\Release\FaceMngr_load.sbr
C:\Users\Administrator\Desktop\FaceRecog_API\FaceMngr\Release\PickEyeDlg.sbr
