C:\USERS\ADMINISTRATOR\DESKTOP\FACERECOG_API\BIN\TOOLS.BSC
C:\USERS\ADMINISTRATOR\DESKTOP\FACERECOG_API\TOOLS\RELEASE\CVTOOLS.SBR
C:\USERS\ADMINISTRATOR\DESKTOP\FACERECOG_API\TOOLS\RELEASE\FREQTOOLS.SBR
C:\USERS\ADMINISTRATOR\DESKTOP\FACERECOG_API\TOOLS\RELEASE\FREQTOOLS.OBJ
C:\USERS\ADMINISTRATOR\DESKTOP\FACERECOG_API\TOOLS\RELEASE\CVTOOLS.OBJ
C:\USERS\ADMINISTRATOR\DESKTOP\FACERECOG_API\TOOLS\RELEASE\VC110.PDB
C:\USERS\ADMINISTRATOR\DESKTOP\FACERECOG_API\BIN\TOOLS.DLL
C:\USERS\ADMINISTRATOR\DESKTOP\FACERECOG_API\BIN\TOOLS.PDB
C:\Users\Administrator\Desktop\FaceRecog_API\bin\tools.lib
C:\Users\Administrator\Desktop\FaceRecog_API\bin\tools.exp
C:\Users\Administrator\Desktop\FaceRecog_API\tools\Release\cvTools.obj
C:\Users\Administrator\Desktop\FaceRecog_API\tools\Release\FreqTools.obj
C:\Users\Administrator\Desktop\FaceRecog_API\tools\Release\BscMake.command.1.tlog
C:\Users\Administrator\Desktop\FaceRecog_API\tools\Release\bscmake.read.1.tlog
C:\Users\Administrator\Desktop\FaceRecog_API\tools\Release\BscMake.write.1.tlog
C:\Users\Administrator\Desktop\FaceRecog_API\tools\Release\cl.command.1.tlog
C:\Users\Administrator\Desktop\FaceRecog_API\tools\Release\CL.read.1.tlog
C:\Users\Administrator\Desktop\FaceRecog_API\tools\Release\CL.write.1.tlog
C:\Users\Administrator\Desktop\FaceRecog_API\tools\Release\link-cvtres.read.1.tlog
C:\Users\Administrator\Desktop\FaceRecog_API\tools\Release\link-cvtres.write.1.tlog
C:\Users\Administrator\Desktop\FaceRecog_API\tools\Release\link-rc.read.1.tlog
C:\Users\Administrator\Desktop\FaceRecog_API\tools\Release\link-rc.write.1.tlog
C:\Users\Administrator\Desktop\FaceRecog_API\tools\Release\link.command.1.tlog
C:\Users\Administrator\Desktop\FaceRecog_API\tools\Release\link.read.1.tlog
C:\Users\Administrator\Desktop\FaceRecog_API\tools\Release\link.write.1.tlog
C:\Users\Administrator\Desktop\FaceRecog_API\tools\Release\tools.write.1.tlog
C:\Users\Administrator\Desktop\FaceRecog_API\tools\Release\vc110.pdb
C:\Users\Administrator\Desktop\FaceRecog_API\tools\Release\cvTools.sbr
C:\Users\Administrator\Desktop\FaceRecog_API\tools\Release\FreqTools.sbr
