C:\USERS\ADMINISTRATOR\DESKTOP\FACERECOG_API\BIN\FACEALIGN_ASM.BSC
C:\USERS\ADMINISTRATOR\DESKTOP\FACERECOG_API\FACEALIGN\RELEASE\FACEALIGN_ASM.SBR
C:\USERS\ADMINISTRATOR\DESKTOP\FACERECOG_API\FACEALIGN\RELEASE\FACEALIGN_VJ.SBR
C:\USERS\ADMINISTRATOR\DESKTOP\FACERECOG_API\FACEALIGN\RELEASE\FACEALIGN_VJ.OBJ
C:\USERS\ADMINISTRATOR\DESKTOP\FACERECOG_API\FACEALIGN\RELEASE\FACEALIGN_ASM.OBJ
C:\USERS\ADMINISTRATOR\DESKTOP\FACERECOG_API\FACEALIGN\RELEASE\VC110.PDB
C:\Users\Administrator\Desktop\FaceRecog_API\bin\FaceAlign_ASM.lib
C:\Users\Administrator\Desktop\FaceRecog_API\bin\FaceAlign_ASM.exp
C:\USERS\ADMINISTRATOR\DESKTOP\FACERECOG_API\BIN\FACEALIGN_ASM.DLL
C:\USERS\ADMINISTRATOR\DESKTOP\FACERECOG_API\BIN\FACEALIGN_ASM.PDB
C:\Users\Administrator\Desktop\FaceRecog_API\FaceAlign\Release\FaceAlign_ASM.obj
C:\Users\Administrator\Desktop\FaceRecog_API\FaceAlign\Release\FaceAlign_VJ.obj
C:\Users\Administrator\Desktop\FaceRecog_API\FaceAlign\Release\BscMake.command.1.tlog
C:\Users\Administrator\Desktop\FaceRecog_API\FaceAlign\Release\bscmake.read.1.tlog
C:\Users\Administrator\Desktop\FaceRecog_API\FaceAlign\Release\BscMake.write.1.tlog
C:\Users\Administrator\Desktop\FaceRecog_API\FaceAlign\Release\cl.command.1.tlog
C:\Users\Administrator\Desktop\FaceRecog_API\FaceAlign\Release\CL.read.1.tlog
C:\Users\Administrator\Desktop\FaceRecog_API\FaceAlign\Release\CL.write.1.tlog
C:\Users\Administrator\Desktop\FaceRecog_API\FaceAlign\Release\FaceAlign_ASM.write.1.tlog
C:\Users\Administrator\Desktop\FaceRecog_API\FaceAlign\Release\link-cvtres.read.1.tlog
C:\Users\Administrator\Desktop\FaceRecog_API\FaceAlign\Release\link-cvtres.write.1.tlog
C:\Users\Administrator\Desktop\FaceRecog_API\FaceAlign\Release\link-rc.read.1.tlog
C:\Users\Administrator\Desktop\FaceRecog_API\FaceAlign\Release\link-rc.write.1.tlog
C:\Users\Administrator\Desktop\FaceRecog_API\FaceAlign\Release\link.command.1.tlog
C:\Users\Administrator\Desktop\FaceRecog_API\FaceAlign\Release\link.read.1.tlog
C:\Users\Administrator\Desktop\FaceRecog_API\FaceAlign\Release\link.write.1.tlog
C:\Users\Administrator\Desktop\FaceRecog_API\FaceAlign\Release\vc110.pdb
C:\Users\Administrator\Desktop\FaceRecog_API\FaceAlign\Release\FaceAlign_ASM.sbr
C:\Users\Administrator\Desktop\FaceRecog_API\FaceAlign\Release\FaceAlign_VJ.sbr
