C:\USERS\ADMINISTRATOR\DESKTOP\FACERECOG_API\BIN\SUBSPACE_BLKFLD.BSC
C:\USERS\ADMINISTRATOR\DESKTOP\FACERECOG_API\SUBSPACE\RELEASE\FLD.SBR
C:\USERS\ADMINISTRATOR\DESKTOP\FACERECOG_API\SUBSPACE\RELEASE\SUBSPACE_BLKFLD.SBR
C:\USERS\ADMINISTRATOR\DESKTOP\FACERECOG_API\SUBSPACE\RELEASE\SUBSPACE_DIRECTMATCH.SBR
C:\USERS\ADMINISTRATOR\DESKTOP\FACERECOG_API\SUBSPACE\RELEASE\SUBSPACE_FLD.SBR
C:\USERS\ADMINISTRATOR\DESKTOP\FACERECOG_API\SUBSPACE\RELEASE\SUBSPACE_FLD.OBJ
C:\USERS\ADMINISTRATOR\DESKTOP\FACERECOG_API\SUBSPACE\RELEASE\SUBSPACE_DIRECTMATCH.OBJ
C:\USERS\ADMINISTRATOR\DESKTOP\FACERECOG_API\SUBSPACE\RELEASE\SUBSPACE_BLKFLD.OBJ
C:\USERS\ADMINISTRATOR\DESKTOP\FACERECOG_API\SUBSPACE\RELEASE\FLD.OBJ
C:\USERS\ADMINISTRATOR\DESKTOP\FACERECOG_API\SUBSPACE\RELEASE\VC110.PDB
C:\USERS\ADMINISTRATOR\DESKTOP\FACERECOG_API\BIN\SUBSPACE_BLKFLD.DLL
C:\USERS\ADMINISTRATOR\DESKTOP\FACERECOG_API\BIN\SUBSPACE_BLKFLD.PDB
C:\Users\Administrator\Desktop\FaceRecog_API\bin\Subspace_BlkFLD.lib
C:\Users\Administrator\Desktop\FaceRecog_API\bin\Subspace_BlkFLD.exp
C:\Users\Administrator\Desktop\FaceRecog_API\Subspace\Release\Fld.obj
C:\Users\Administrator\Desktop\FaceRecog_API\Subspace\Release\Subspace_BlkFLD.obj
C:\Users\Administrator\Desktop\FaceRecog_API\Subspace\Release\Subspace_DirectMatch.obj
C:\Users\Administrator\Desktop\FaceRecog_API\Subspace\Release\Subspace_FLD.obj
C:\Users\Administrator\Desktop\FaceRecog_API\Subspace\Release\BscMake.command.1.tlog
C:\Users\Administrator\Desktop\FaceRecog_API\Subspace\Release\bscmake.read.1.tlog
C:\Users\Administrator\Desktop\FaceRecog_API\Subspace\Release\BscMake.write.1.tlog
C:\Users\Administrator\Desktop\FaceRecog_API\Subspace\Release\cl.command.1.tlog
C:\Users\Administrator\Desktop\FaceRecog_API\Subspace\Release\CL.read.1.tlog
C:\Users\Administrator\Desktop\FaceRecog_API\Subspace\Release\CL.write.1.tlog
C:\Users\Administrator\Desktop\FaceRecog_API\Subspace\Release\link-cvtres.read.1.tlog
C:\Users\Administrator\Desktop\FaceRecog_API\Subspace\Release\link-cvtres.write.1.tlog
C:\Users\Administrator\Desktop\FaceRecog_API\Subspace\Release\link-rc.read.1.tlog
C:\Users\Administrator\Desktop\FaceRecog_API\Subspace\Release\link-rc.write.1.tlog
C:\Users\Administrator\Desktop\FaceRecog_API\Subspace\Release\link.command.1.tlog
C:\Users\Administrator\Desktop\FaceRecog_API\Subspace\Release\link.read.1.tlog
C:\Users\Administrator\Desktop\FaceRecog_API\Subspace\Release\link.write.1.tlog
C:\Users\Administrator\Desktop\FaceRecog_API\Subspace\Release\Subspace_BlkFLD.write.1.tlog
C:\Users\Administrator\Desktop\FaceRecog_API\Subspace\Release\vc110.pdb
C:\Users\Administrator\Desktop\FaceRecog_API\Subspace\Release\Fld.sbr
C:\Users\Administrator\Desktop\FaceRecog_API\Subspace\Release\Subspace_BlkFLD.sbr
C:\Users\Administrator\Desktop\FaceRecog_API\Subspace\Release\Subspace_DirectMatch.sbr
C:\Users\Administrator\Desktop\FaceRecog_API\Subspace\Release\Subspace_FLD.sbr
