C:\USERS\ADMINISTRATOR\DESKTOP\FACERECOG_API\BIN\FACEFEATURE_GSF.BSC
C:\USERS\ADMINISTRATOR\DESKTOP\FACERECOG_API\FACEFEATURE\RELEASE\FACEFEATURE_GABORMAG.SBR
C:\USERS\ADMINISTRATOR\DESKTOP\FACERECOG_API\FACEFEATURE\RELEASE\FACEFEATURE_GSF.SBR
C:\USERS\ADMINISTRATOR\DESKTOP\FACERECOG_API\FACEFEATURE\RELEASE\FACEFEATURE_LGBP.SBR
C:\USERS\ADMINISTRATOR\DESKTOP\FACERECOG_API\FACEFEATURE\RELEASE\GABOR.SBR
C:\USERS\ADMINISTRATOR\DESKTOP\FACERECOG_API\FACEFEATURE\RELEASE\GABOR.OBJ
C:\USERS\ADMINISTRATOR\DESKTOP\FACERECOG_API\FACEFEATURE\RELEASE\FACEFEATURE_LGBP.OBJ
C:\USERS\ADMINISTRATOR\DESKTOP\FACERECOG_API\FACEFEATURE\RELEASE\FACEFEATURE_GSF.OBJ
C:\USERS\ADMINISTRATOR\DESKTOP\FACERECOG_API\FACEFEATURE\RELEASE\FACEFEATURE_GABORMAG.OBJ
C:\USERS\ADMINISTRATOR\DESKTOP\FACERECOG_API\FACEFEATURE\RELEASE\VC110.PDB
C:\Users\Administrator\Desktop\FaceRecog_API\bin\FaceFeature_GSF.lib
C:\Users\Administrator\Desktop\FaceRecog_API\bin\FaceFeature_GSF.exp
C:\USERS\ADMINISTRATOR\DESKTOP\FACERECOG_API\BIN\FACEFEATURE_GSF.DLL
C:\USERS\ADMINISTRATOR\DESKTOP\FACERECOG_API\BIN\FACEFEATURE_GSF.PDB
C:\Users\Administrator\Desktop\FaceRecog_API\FaceFeature\Release\FaceFeature_GaborMag.obj
C:\Users\Administrator\Desktop\FaceRecog_API\FaceFeature\Release\FaceFeature_GSF.obj
C:\Users\Administrator\Desktop\FaceRecog_API\FaceFeature\Release\FaceFeature_LGBP.obj
C:\Users\Administrator\Desktop\FaceRecog_API\FaceFeature\Release\Gabor.obj
C:\Users\Administrator\Desktop\FaceRecog_API\FaceFeature\Release\BscMake.command.1.tlog
C:\Users\Administrator\Desktop\FaceRecog_API\FaceFeature\Release\bscmake.read.1.tlog
C:\Users\Administrator\Desktop\FaceRecog_API\FaceFeature\Release\BscMake.write.1.tlog
C:\Users\Administrator\Desktop\FaceRecog_API\FaceFeature\Release\cl.command.1.tlog
C:\Users\Administrator\Desktop\FaceRecog_API\FaceFeature\Release\CL.read.1.tlog
C:\Users\Administrator\Desktop\FaceRecog_API\FaceFeature\Release\CL.write.1.tlog
C:\Users\Administrator\Desktop\FaceRecog_API\FaceFeature\Release\FaceFeature_GSF.write.1.tlog
C:\Users\Administrator\Desktop\FaceRecog_API\FaceFeature\Release\link-cvtres.read.1.tlog
C:\Users\Administrator\Desktop\FaceRecog_API\FaceFeature\Release\link-cvtres.write.1.tlog
C:\Users\Administrator\Desktop\FaceRecog_API\FaceFeature\Release\link-rc.read.1.tlog
C:\Users\Administrator\Desktop\FaceRecog_API\FaceFeature\Release\link-rc.write.1.tlog
C:\Users\Administrator\Desktop\FaceRecog_API\FaceFeature\Release\link.command.1.tlog
C:\Users\Administrator\Desktop\FaceRecog_API\FaceFeature\Release\link.read.1.tlog
C:\Users\Administrator\Desktop\FaceRecog_API\FaceFeature\Release\link.write.1.tlog
C:\Users\Administrator\Desktop\FaceRecog_API\FaceFeature\Release\vc110.pdb
C:\Users\Administrator\Desktop\FaceRecog_API\FaceFeature\Release\FaceFeature_GaborMag.sbr
C:\Users\Administrator\Desktop\FaceRecog_API\FaceFeature\Release\FaceFeature_GSF.sbr
C:\Users\Administrator\Desktop\FaceRecog_API\FaceFeature\Release\FaceFeature_LGBP.sbr
C:\Users\Administrator\Desktop\FaceRecog_API\FaceFeature\Release\Gabor.sbr
