C:\USERS\ADMINISTRATOR\DESKTOP\FACERECOG_API\BIN\FRDEMO.BSC
C:\USERS\ADMINISTRATOR\DESKTOP\FACERECOG_API\FRDEMO\RELEASE\DLGSTUFF.OBJ
C:\USERS\ADMINISTRATOR\DESKTOP\FACERECOG_API\FRDEMO\RELEASE\TRAINDLG.OBJ
C:\USERS\ADMINISTRATOR\DESKTOP\FACERECOG_API\FRDEMO\RELEASE\RECOGDLG.OBJ
C:\USERS\ADMINISTRATOR\DESKTOP\FACERECOG_API\FRDEMO\RELEASE\FRDEMODLG.OBJ
C:\USERS\ADMINISTRATOR\DESKTOP\FACERECOG_API\FRDEMO\RELEASE\FRDEMO.OBJ
C:\USERS\ADMINISTRATOR\DESKTOP\FACERECOG_API\FRDEMO\RELEASE\ENROLLDLG.OBJ
C:\USERS\ADMINISTRATOR\DESKTOP\FACERECOG_API\FRDEMO\RELEASE\ADVDLG.OBJ
C:\USERS\ADMINISTRATOR\DESKTOP\FACERECOG_API\FRDEMO\RELEASE\ADVDLG.SBR
C:\USERS\ADMINISTRATOR\DESKTOP\FACERECOG_API\FRDEMO\RELEASE\DLGSTUFF.SBR
C:\USERS\ADMINISTRATOR\DESKTOP\FACERECOG_API\FRDEMO\RELEASE\ENROLLDLG.SBR
C:\USERS\ADMINISTRATOR\DESKTOP\FACERECOG_API\FRDEMO\RELEASE\FRDEMO.SBR
C:\USERS\ADMINISTRATOR\DESKTOP\FACERECOG_API\FRDEMO\RELEASE\FRDEMODLG.SBR
C:\USERS\ADMINISTRATOR\DESKTOP\FACERECOG_API\FRDEMO\RELEASE\RECOGDLG.SBR
C:\USERS\ADMINISTRATOR\DESKTOP\FACERECOG_API\FRDEMO\RELEASE\STDAFX.SBR
C:\USERS\ADMINISTRATOR\DESKTOP\FACERECOG_API\FRDEMO\RELEASE\TRAINDLG.SBR
C:\USERS\ADMINISTRATOR\DESKTOP\FACERECOG_API\FRDEMO\RELEASE\UTILS.SBR
C:\USERS\ADMINISTRATOR\DESKTOP\FACERECOG_API\FRDEMO\RELEASE\WEBCAM.SBR
C:\USERS\ADMINISTRATOR\DESKTOP\FACERECOG_API\FRDEMO\RELEASE\WEBCAM.OBJ
C:\USERS\ADMINISTRATOR\DESKTOP\FACERECOG_API\FRDEMO\RELEASE\UTILS.OBJ
C:\USERS\ADMINISTRATOR\DESKTOP\FACERECOG_API\FRDEMO\RELEASE\STDAFX.OBJ
C:\USERS\ADMINISTRATOR\DESKTOP\FACERECOG_API\FRDEMO\RELEASE\VC110.PDB
C:\Users\Administrator\Desktop\FaceRecog_API\bin\FRDemo.lib
C:\Users\Administrator\Desktop\FaceRecog_API\bin\FRDemo.exp
C:\USERS\ADMINISTRATOR\DESKTOP\FACERECOG_API\BIN\FRDEMO.EXE
C:\USERS\ADMINISTRATOR\DESKTOP\FACERECOG_API\FRDEMO\RELEASE\FRDEMO.EXE.INTERMEDIATE.MANIFEST
C:\USERS\ADMINISTRATOR\DESKTOP\FACERECOG_API\BIN\FRDEMO.PDB
C:\USERS\ADMINISTRATOR\DESKTOP\FACERECOG_API\BIN\FRDEMO.EXE.MANIFEST
C:\USERS\ADMINISTRATOR\DESKTOP\FACERECOG_API\FRDEMO\RELEASE\FRDEMO.RES
C:\Users\Administrator\Desktop\FaceRecog_API\FRDemo\Release\AdvDlg.obj
C:\Users\Administrator\Desktop\FaceRecog_API\FRDemo\Release\dlgStuff.obj
C:\Users\Administrator\Desktop\FaceRecog_API\FRDemo\Release\EnrollDlg.obj
C:\Users\Administrator\Desktop\FaceRecog_API\FRDemo\Release\FRDemo.obj
C:\Users\Administrator\Desktop\FaceRecog_API\FRDemo\Release\FRDemoDlg.obj
C:\Users\Administrator\Desktop\FaceRecog_API\FRDemo\Release\RecogDlg.obj
C:\Users\Administrator\Desktop\FaceRecog_API\FRDemo\Release\stdafx.obj
C:\Users\Administrator\Desktop\FaceRecog_API\FRDemo\Release\TrainDlg.obj
C:\Users\Administrator\Desktop\FaceRecog_API\FRDemo\Release\Utils.obj
C:\Users\Administrator\Desktop\FaceRecog_API\FRDemo\Release\WebCam.obj
C:\Users\Administrator\Desktop\FaceRecog_API\FRDemo\Release\BscMake.command.1.tlog
C:\Users\Administrator\Desktop\FaceRecog_API\FRDemo\Release\bscmake.read.1.tlog
C:\Users\Administrator\Desktop\FaceRecog_API\FRDemo\Release\BscMake.write.1.tlog
C:\Users\Administrator\Desktop\FaceRecog_API\FRDemo\Release\cl.command.1.tlog
C:\Users\Administrator\Desktop\FaceRecog_API\FRDemo\Release\CL.read.1.tlog
C:\Users\Administrator\Desktop\FaceRecog_API\FRDemo\Release\CL.write.1.tlog
C:\Users\Administrator\Desktop\FaceRecog_API\FRDemo\Release\FRDemo.write.1.tlog
C:\Users\Administrator\Desktop\FaceRecog_API\FRDemo\Release\link-cvtres.read.1.tlog
C:\Users\Administrator\Desktop\FaceRecog_API\FRDemo\Release\link-cvtres.write.1.tlog
C:\Users\Administrator\Desktop\FaceRecog_API\FRDemo\Release\link.command.1.tlog
C:\Users\Administrator\Desktop\FaceRecog_API\FRDemo\Release\link.read.1.tlog
C:\Users\Administrator\Desktop\FaceRecog_API\FRDemo\Release\link.write.1.tlog
C:\Users\Administrator\Desktop\FaceRecog_API\FRDemo\Release\mt.command.1.tlog
C:\Users\Administrator\Desktop\FaceRecog_API\FRDemo\Release\mt.read.1.tlog
C:\Users\Administrator\Desktop\FaceRecog_API\FRDemo\Release\mt.write.1.tlog
C:\Users\Administrator\Desktop\FaceRecog_API\FRDemo\Release\rc.command.1.tlog
C:\Users\Administrator\Desktop\FaceRecog_API\FRDemo\Release\rc.read.1.tlog
C:\Users\Administrator\Desktop\FaceRecog_API\FRDemo\Release\rc.write.1.tlog
C:\Users\Administrator\Desktop\FaceRecog_API\FRDemo\Release\FRDemo.exe.intermediate.manifest
C:\Users\Administrator\Desktop\FaceRecog_API\FRDemo\Release\FRDemo.res
C:\Users\Administrator\Desktop\FaceRecog_API\FRDemo\Release\vc110.pdb
C:\Users\Administrator\Desktop\FaceRecog_API\FRDemo\Release\AdvDlg.sbr
C:\Users\Administrator\Desktop\FaceRecog_API\FRDemo\Release\dlgStuff.sbr
C:\Users\Administrator\Desktop\FaceRecog_API\FRDemo\Release\EnrollDlg.sbr
C:\Users\Administrator\Desktop\FaceRecog_API\FRDemo\Release\FRDemo.sbr
C:\Users\Administrator\Desktop\FaceRecog_API\FRDemo\Release\FRDemoDlg.sbr
C:\Users\Administrator\Desktop\FaceRecog_API\FRDemo\Release\RecogDlg.sbr
C:\Users\Administrator\Desktop\FaceRecog_API\FRDemo\Release\stdafx.sbr
C:\Users\Administrator\Desktop\FaceRecog_API\FRDemo\Release\TrainDlg.sbr
C:\Users\Administrator\Desktop\FaceRecog_API\FRDemo\Release\Utils.sbr
C:\Users\Administrator\Desktop\FaceRecog_API\FRDemo\Release\WebCam.sbr
