C:\USERS\ADMINISTRATOR\DESKTOP\FACERECOG_API\BIN\LIGHTPREP_TAN.BSC
C:\USERS\ADMINISTRATOR\DESKTOP\FACERECOG_API\LIGHTPREP\RELEASE\LIGHTPREP_TAN.SBR
C:\USERS\ADMINISTRATOR\DESKTOP\FACERECOG_API\LIGHTPREP\RELEASE\LIGHTPREP_YAN.SBR
C:\USERS\ADMINISTRATOR\DESKTOP\FACERECOG_API\LIGHTPREP\RELEASE\LIGHTPREP_YAN.OBJ
C:\USERS\ADMINISTRATOR\DESKTOP\FACERECOG_API\LIGHTPREP\RELEASE\LIGHTPREP_TAN.OBJ
C:\USERS\ADMINISTRATOR\DESKTOP\FACERECOG_API\LIGHTPREP\RELEASE\VC110.PDB
C:\Users\Administrator\Desktop\FaceRecog_API\bin\LightPrep_Tan.lib
C:\Users\Administrator\Desktop\FaceRecog_API\bin\LightPrep_Tan.exp
C:\USERS\ADMINISTRATOR\DESKTOP\FACERECOG_API\BIN\LIGHTPREP_TAN.DLL
C:\USERS\ADMINISTRATOR\DESKTOP\FACERECOG_API\BIN\LIGHTPREP_TAN.PDB
C:\Users\Administrator\Desktop\FaceRecog_API\LightPrep\Release\LightPrep_Tan.obj
C:\Users\Administrator\Desktop\FaceRecog_API\LightPrep\Release\LightPrep_Yan.obj
C:\Users\Administrator\Desktop\FaceRecog_API\LightPrep\Release\BscMake.command.1.tlog
C:\Users\Administrator\Desktop\FaceRecog_API\LightPrep\Release\bscmake.read.1.tlog
C:\Users\Administrator\Desktop\FaceRecog_API\LightPrep\Release\BscMake.write.1.tlog
C:\Users\Administrator\Desktop\FaceRecog_API\LightPrep\Release\cl.command.1.tlog
C:\Users\Administrator\Desktop\FaceRecog_API\LightPrep\Release\CL.read.1.tlog
C:\Users\Administrator\Desktop\FaceRecog_API\LightPrep\Release\CL.write.1.tlog
C:\Users\Administrator\Desktop\FaceRecog_API\LightPrep\Release\LightPrep_Tan.write.1.tlog
C:\Users\Administrator\Desktop\FaceRecog_API\LightPrep\Release\link-cvtres.read.1.tlog
C:\Users\Administrator\Desktop\FaceRecog_API\LightPrep\Release\link-cvtres.write.1.tlog
C:\Users\Administrator\Desktop\FaceRecog_API\LightPrep\Release\link-rc.read.1.tlog
C:\Users\Administrator\Desktop\FaceRecog_API\LightPrep\Release\link-rc.write.1.tlog
C:\Users\Administrator\Desktop\FaceRecog_API\LightPrep\Release\link.command.1.tlog
C:\Users\Administrator\Desktop\FaceRecog_API\LightPrep\Release\link.read.1.tlog
C:\Users\Administrator\Desktop\FaceRecog_API\LightPrep\Release\link.write.1.tlog
C:\Users\Administrator\Desktop\FaceRecog_API\LightPrep\Release\vc110.pdb
C:\Users\Administrator\Desktop\FaceRecog_API\LightPrep\Release\LightPrep_Tan.sbr
C:\Users\Administrator\Desktop\FaceRecog_API\LightPrep\Release\LightPrep_Yan.sbr
